Generated on 2023-12-04 18:15:22 by gEcon ver. 1.2.1 (2023-01-18)
http://gecon.r-forge.r-project.org/

Model name: RSW_RP_ONEOBJ

Block: OPTIMALMP
 Definitions:
    uH[] = -0.5 * (pitH - pitCB + piH[])^2 - 0.5 * kappa * theta^-1 * yH[]^2
    uL[] = -0.5 * (-pitCB + pitL + piL[])^2 - 0.5 * kappa * theta^-1 * yL[]^2
 Controls:
    piH[], yH[], i[], piL[], yL[]
 Objective:
    U[] = -0.25 * (pitH - pitCB + piH[])^2 - 0.25 * (-pitCB + pitL + piL[])^2 + beta * E[][U[1]] - 0.25 * kappa * theta^-1 * yH[]^2 - 0.25 * kappa * theta^-1 * yL[]^2
 Constraints:
    -piH[-1] + log(etapi[-1]) + beta * piH[] + kappa * yH[-1] + beta * (1 - pH) * (-piH[] + piL[]) = 0    (lambda__OPTIMALMP_1[])
    -yH[-1] + yH[] - sigma * (i[-1] - piH[]) + (1 - pH) * (-yH[] + yL[]) + sigma * (1 - pH) * (-piH[] + piL[]) = 0    (lambda__OPTIMALMP_2[])
    -piL[-1] + log(etapi[-1]) + kappa * yL[-1] + beta * pL * piL[] + beta * (1 - pL) * (piH[] - piL[]) = 0    (lambda__OPTIMALMP_3[])
    -yL[-1] + yL[] - sigma * (i[-1] - piL[]) + (1 - pL) * (yH[] - yL[]) + sigma * (1 - pL) * (piH[] - piL[]) = 0    (lambda__OPTIMALMP_4[])
 First order conditions:
    -0.5 * pitH + 0.5 * pitCB - 0.5 * piH[] - beta * E[][lambda__OPTIMALMP_1[1]] + lambda__OPTIMALMP_1[] * (beta - beta * (1 - pH)) + lambda__OPTIMALMP_2[] * (sigma - sigma * (1 - pH)) + beta * lambda__OPTIMALMP_3[] * (1 - pL) + sigma * lambda__OPTIMALMP_4[] * (1 - pL) = 0    (piH[])
    beta * (kappa * E[][lambda__OPTIMALMP_1[1]] - E[][lambda__OPTIMALMP_2[1]]) + pH * lambda__OPTIMALMP_2[] + lambda__OPTIMALMP_4[] * (1 - pL) - 0.5 * kappa * theta^-1 * yH[] = 0    (yH[])
    beta * (-sigma * E[][lambda__OPTIMALMP_2[1]] - sigma * E[][lambda__OPTIMALMP_4[1]]) = 0    (i[])
    0.5 * pitCB - 0.5 * pitL - 0.5 * piL[] - beta * E[][lambda__OPTIMALMP_3[1]] + lambda__OPTIMALMP_3[] * (beta * pL - beta * (1 - pL)) + lambda__OPTIMALMP_4[] * (sigma - sigma * (1 - pL)) + beta * lambda__OPTIMALMP_1[] * (1 - pH) + sigma * lambda__OPTIMALMP_2[] * (1 - pH) = 0    (piL[])
    beta * (kappa * E[][lambda__OPTIMALMP_3[1]] - E[][lambda__OPTIMALMP_4[1]]) + pL * lambda__OPTIMALMP_4[] + lambda__OPTIMALMP_2[] * (1 - pH) - 0.5 * kappa * theta^-1 * yL[] = 0    (yL[])

Block: EXOG
 Identities:
    -etapi[] + exp(epsilon_pi[] + phi * log(etapi[-1])) = 0

Variables (11):
    etapi[], i[], lambda__OPTIMALMP_1[], lambda__OPTIMALMP_2[], lambda__OPTIMALMP_3[], lambda__OPTIMALMP_4[], piH[], piL[], yH[], yL[], U[]

Shocks (1):
    epsilon_pi[]

Parameters (10):
    beta, kappa, phi, pitH, pitCB, pitL, pH, pL, sigma, theta

Free parameters (10):
    beta, kappa, phi, pitH, pitCB, pitL, pH, pL, sigma, theta

Equations (11):
 (1)  -etapi[] + exp(epsilon_pi[] + phi * log(etapi[-1])) = 0
 (2)  beta * (kappa * E[][lambda__OPTIMALMP_1[1]] - E[][lambda__OPTIMALMP_2[1]]) + pH * lambda__OPTIMALMP_2[] + lambda__OPTIMALMP_4[] * (1 - pL) - 0.5 * kappa * theta^-1 * yH[] = 0
 (3)  beta * (kappa * E[][lambda__OPTIMALMP_3[1]] - E[][lambda__OPTIMALMP_4[1]]) + pL * lambda__OPTIMALMP_4[] + lambda__OPTIMALMP_2[] * (1 - pH) - 0.5 * kappa * theta^-1 * yL[] = 0
 (4)  -piH[-1] + log(etapi[-1]) + beta * piH[] + kappa * yH[-1] + beta * (1 - pH) * (-piH[] + piL[]) = 0
 (5)  -piL[-1] + log(etapi[-1]) + kappa * yL[-1] + beta * pL * piL[] + beta * (1 - pL) * (piH[] - piL[]) = 0
 (6)  -yH[-1] + yH[] - sigma * (i[-1] - piH[]) + (1 - pH) * (-yH[] + yL[]) + sigma * (1 - pH) * (-piH[] + piL[]) = 0
 (7)  -yL[-1] + yL[] - sigma * (i[-1] - piL[]) + (1 - pL) * (yH[] - yL[]) + sigma * (1 - pL) * (piH[] - piL[]) = 0
 (8)  U[] + 0.25 * (pitH - pitCB + piH[])^2 + 0.25 * (-pitCB + pitL + piL[])^2 - beta * E[][U[1]] + 0.25 * kappa * theta^-1 * yH[]^2 + 0.25 * kappa * theta^-1 * yL[]^2 = 0
 (9)  -0.5 * pitH + 0.5 * pitCB - 0.5 * piH[] - beta * E[][lambda__OPTIMALMP_1[1]] + lambda__OPTIMALMP_1[] * (beta - beta * (1 - pH)) + lambda__OPTIMALMP_2[] * (sigma - sigma * (1 - pH)) + beta * lambda__OPTIMALMP_3[] * (1 - pL) + sigma * lambda__OPTIMALMP_4[] * (1 - pL) = 0
 (10)  0.5 * pitCB - 0.5 * pitL - 0.5 * piL[] - beta * E[][lambda__OPTIMALMP_3[1]] + lambda__OPTIMALMP_3[] * (beta * pL - beta * (1 - pL)) + lambda__OPTIMALMP_4[] * (sigma - sigma * (1 - pL)) + beta * lambda__OPTIMALMP_1[] * (1 - pH) + sigma * lambda__OPTIMALMP_2[] * (1 - pH) = 0
 (11)  beta * (-sigma * E[][lambda__OPTIMALMP_2[1]] - sigma * E[][lambda__OPTIMALMP_4[1]]) = 0

Steady state equations (11):
 (1)  -etapi[ss] + exp(phi * log(etapi[ss])) = 0
 (2)  beta * (-lambda__OPTIMALMP_2[ss] + kappa * lambda__OPTIMALMP_1[ss]) + pH * lambda__OPTIMALMP_2[ss] + lambda__OPTIMALMP_4[ss] * (1 - pL) - 0.5 * kappa * theta^-1 * yH[ss] = 0
 (3)  beta * (-lambda__OPTIMALMP_4[ss] + kappa * lambda__OPTIMALMP_3[ss]) + pL * lambda__OPTIMALMP_4[ss] + lambda__OPTIMALMP_2[ss] * (1 - pH) - 0.5 * kappa * theta^-1 * yL[ss] = 0
 (4)  -piH[ss] + log(etapi[ss]) + beta * piH[ss] + kappa * yH[ss] + beta * (1 - pH) * (-piH[ss] + piL[ss]) = 0
 (5)  -piL[ss] + log(etapi[ss]) + kappa * yL[ss] + beta * pL * piL[ss] + beta * (1 - pL) * (piH[ss] - piL[ss]) = 0
 (6)  (1 - pH) * (-yH[ss] + yL[ss]) - sigma * (i[ss] - piH[ss]) + sigma * (1 - pH) * (-piH[ss] + piL[ss]) = 0
 (7)  (1 - pL) * (yH[ss] - yL[ss]) - sigma * (i[ss] - piL[ss]) + sigma * (1 - pL) * (piH[ss] - piL[ss]) = 0
 (8)  U[ss] + 0.25 * (pitH - pitCB + piH[ss])^2 + 0.25 * (-pitCB + pitL + piL[ss])^2 - beta * U[ss] + 0.25 * kappa * theta^-1 * yH[ss]^2 + 0.25 * kappa * theta^-1 * yL[ss]^2 = 0
 (9)  -0.5 * pitH + 0.5 * pitCB - 0.5 * piH[ss] - beta * lambda__OPTIMALMP_1[ss] + lambda__OPTIMALMP_1[ss] * (beta - beta * (1 - pH)) + lambda__OPTIMALMP_2[ss] * (sigma - sigma * (1 - pH)) + beta * lambda__OPTIMALMP_3[ss] * (1 - pL) + sigma * lambda__OPTIMALMP_4[ss] * (1 - pL) = 0
 (10)  0.5 * pitCB - 0.5 * pitL - 0.5 * piL[ss] - beta * lambda__OPTIMALMP_3[ss] + lambda__OPTIMALMP_3[ss] * (beta * pL - beta * (1 - pL)) + lambda__OPTIMALMP_4[ss] * (sigma - sigma * (1 - pL)) + beta * lambda__OPTIMALMP_1[ss] * (1 - pH) + sigma * lambda__OPTIMALMP_2[ss] * (1 - pH) = 0
 (11)  beta * (-sigma * lambda__OPTIMALMP_2[ss] - sigma * lambda__OPTIMALMP_4[ss]) = 0

Parameter settings (10):
 (1)  beta = 0.99
 (2)  kappa = 0.2465
 (3)  phi = 0.95
 (4)  pitH = 2
 (5)  pitCB = 2
 (6)  pitL = 4
 (7)  pH = 0.99
 (8)  pL = 0.99
 (9)  sigma = 1
 (10)  theta = 6

