Generated on 2023-11-22 18:14:05 by gEcon ver. 1.2.1 (2023-01-18)
http://gecon.r-forge.r-project.org/

Model name: RSW_RP_PERS

Block: HIGHREGIME
 Definitions:
    uH[] = -0.5 * (pitH - pitCB + piH[])^2 - 0.5 * kappa * theta^-1 * yH[]^2
 Controls:
    piH[], yH[], iH[], piH__lag_1[]
 Objective:
    UH[] = -0.5 * (pitH - pitCB + piH[])^2 + beta * E[][UH[1]] + beta * (1 - pH) * (-E[][UH[1]] + E[][UL[1]]) - 0.5 * kappa * theta^-1 * yH[]^2
 Constraints:
    -piH[-1] + log(etapi[-1]) + kappa * yH[-1] + phipi * piH__lag_1[-1] + beta * piH[] * (1 - phipi) + beta * (1 - phipi) * (1 - pH) * (-piH[] + piL[]) = 0    (lambda__HIGHREGIME_1[])
    -yH[-1] + yH[] - sigma * (iH[-1] - piH[]) + (1 - pH) * (-yH[] + yL[]) + sigma * (1 - pH) * (-piH[] + piL[]) = 0    (lambda__HIGHREGIME_2[])
    piH[-1] - piH__lag_1[] = 0    (lambda__HIGHREGIME_piH__lag_1[])
 First order conditions:
    -pitH + pitCB - piH[] + lambda__HIGHREGIME_1[] * (beta * (1 - phipi) - beta * (1 - phipi) * (1 - pH)) + lambda__HIGHREGIME_2[] * (sigma - sigma * (1 - pH)) + (beta - beta * (1 - pH)) * (-E[][lambda__HIGHREGIME_1[1]] + E[][lambda__HIGHREGIME_piH__lag_1[1]]) = 0    (piH[])
    pH * lambda__HIGHREGIME_2[] + (beta - beta * (1 - pH)) * (kappa * E[][lambda__HIGHREGIME_1[1]] - E[][lambda__HIGHREGIME_2[1]]) - kappa * theta^-1 * yH[] = 0    (yH[])
    -sigma * (beta - beta * (1 - pH)) * E[][lambda__HIGHREGIME_2[1]] = 0    (iH[])
    -lambda__HIGHREGIME_piH__lag_1[] + phipi * (beta - beta * (1 - pH)) * E[][lambda__HIGHREGIME_1[1]] = 0    (piH__lag_1[])

Block: LOWREGIME
 Definitions:
    uL[] = -0.5 * (-pitCB + pitL + piL[])^2 - 0.5 * kappa * theta^-1 * yL[]^2
 Controls:
    piL[], yL[], iL[], piL__lag_1[]
 Objective:
    UL[] = -0.5 * (-pitCB + pitL + piL[])^2 + beta * E[][UL[1]] + beta * (1 - pL) * (E[][UH[1]] - E[][UL[1]]) - 0.5 * kappa * theta^-1 * yL[]^2
 Constraints:
    -piL[-1] + log(etapi[-1]) + kappa * yL[-1] + phipi * piL__lag_1[-1] + beta * pL * piL[] * (1 - phipi) + beta * (1 - phipi) * (1 - pL) * (piH[] - piL[]) = 0    (lambda__LOWREGIME_1[])
    -yL[-1] + yL[] - sigma * (iL[-1] - piL[]) + (1 - pL) * (yH[] - yL[]) + sigma * (1 - pL) * (piH[] - piL[]) = 0    (lambda__LOWREGIME_2[])
    piL[-1] - piL__lag_1[] = 0    (lambda__LOWREGIME_piL__lag_1[])
 First order conditions:
    pitCB - pitL - piL[] + lambda__LOWREGIME_1[] * (beta * pL * (1 - phipi) - beta * (1 - phipi) * (1 - pL)) + lambda__LOWREGIME_2[] * (sigma - sigma * (1 - pL)) + (beta - beta * (1 - pL)) * (-E[][lambda__LOWREGIME_1[1]] + E[][lambda__LOWREGIME_piL__lag_1[1]]) = 0    (piL[])
    pL * lambda__LOWREGIME_2[] + (beta - beta * (1 - pL)) * (kappa * E[][lambda__LOWREGIME_1[1]] - E[][lambda__LOWREGIME_2[1]]) - kappa * theta^-1 * yL[] = 0    (yL[])
    -sigma * (beta - beta * (1 - pL)) * E[][lambda__LOWREGIME_2[1]] = 0    (iL[])
    -lambda__LOWREGIME_piL__lag_1[] + phipi * (beta - beta * (1 - pL)) * E[][lambda__LOWREGIME_1[1]] = 0    (piL__lag_1[])

Block: EXOG
 Identities:
    -etapi[] + exp(epsilon_pi[] + phi * log(etapi[-1])) = 0

Variables (17):
    etapi[], iH[], iL[], lambda__HIGHREGIME_1[], lambda__HIGHREGIME_2[], lambda__LOWREGIME_1[], lambda__LOWREGIME_2[], lambda__HIGHREGIME_piH__lag_1[], lambda__LOWREGIME_piL__lag_1[], piH[], piL[], piH__lag_1[], piL__lag_1[], yH[], yL[], UH[], UL[]

Shocks (1):
    epsilon_pi[]

Parameters (11):
    beta, kappa, phi, phipi, pitH, pitCB, pitL, pH, pL, sigma, theta

Free parameters (11):
    beta, kappa, phi, phipi, pitH, pitCB, pitL, pH, pL, sigma, theta

Equations (17):
 (1)  piH[-1] - piH__lag_1[] = 0
 (2)  piL[-1] - piL__lag_1[] = 0
 (3)  -etapi[] + exp(epsilon_pi[] + phi * log(etapi[-1])) = 0
 (4)  -lambda__HIGHREGIME_piH__lag_1[] + phipi * (beta - beta * (1 - pH)) * E[][lambda__HIGHREGIME_1[1]] = 0
 (5)  -lambda__LOWREGIME_piL__lag_1[] + phipi * (beta - beta * (1 - pL)) * E[][lambda__LOWREGIME_1[1]] = 0
 (6)  pH * lambda__HIGHREGIME_2[] + (beta - beta * (1 - pH)) * (kappa * E[][lambda__HIGHREGIME_1[1]] - E[][lambda__HIGHREGIME_2[1]]) - kappa * theta^-1 * yH[] = 0
 (7)  pL * lambda__LOWREGIME_2[] + (beta - beta * (1 - pL)) * (kappa * E[][lambda__LOWREGIME_1[1]] - E[][lambda__LOWREGIME_2[1]]) - kappa * theta^-1 * yL[] = 0
 (8)  -yH[-1] + yH[] - sigma * (iH[-1] - piH[]) + (1 - pH) * (-yH[] + yL[]) + sigma * (1 - pH) * (-piH[] + piL[]) = 0
 (9)  -yL[-1] + yL[] - sigma * (iL[-1] - piL[]) + (1 - pL) * (yH[] - yL[]) + sigma * (1 - pL) * (piH[] - piL[]) = 0
 (10)  UH[] + 0.5 * (pitH - pitCB + piH[])^2 - beta * E[][UH[1]] - beta * (1 - pH) * (-E[][UH[1]] + E[][UL[1]]) + 0.5 * kappa * theta^-1 * yH[]^2 = 0
 (11)  UL[] + 0.5 * (-pitCB + pitL + piL[])^2 - beta * E[][UL[1]] - beta * (1 - pL) * (E[][UH[1]] - E[][UL[1]]) + 0.5 * kappa * theta^-1 * yL[]^2 = 0
 (12)  -pitH + pitCB - piH[] + lambda__HIGHREGIME_1[] * (beta * (1 - phipi) - beta * (1 - phipi) * (1 - pH)) + lambda__HIGHREGIME_2[] * (sigma - sigma * (1 - pH)) + (beta - beta * (1 - pH)) * (-E[][lambda__HIGHREGIME_1[1]] + E[][lambda__HIGHREGIME_piH__lag_1[1]]) = 0
 (13)  pitCB - pitL - piL[] + lambda__LOWREGIME_1[] * (beta * pL * (1 - phipi) - beta * (1 - phipi) * (1 - pL)) + lambda__LOWREGIME_2[] * (sigma - sigma * (1 - pL)) + (beta - beta * (1 - pL)) * (-E[][lambda__LOWREGIME_1[1]] + E[][lambda__LOWREGIME_piL__lag_1[1]]) = 0
 (14)  -piH[-1] + log(etapi[-1]) + kappa * yH[-1] + phipi * piH__lag_1[-1] + beta * piH[] * (1 - phipi) + beta * (1 - phipi) * (1 - pH) * (-piH[] + piL[]) = 0
 (15)  -piL[-1] + log(etapi[-1]) + kappa * yL[-1] + phipi * piL__lag_1[-1] + beta * pL * piL[] * (1 - phipi) + beta * (1 - phipi) * (1 - pL) * (piH[] - piL[]) = 0
 (16)  -sigma * (beta - beta * (1 - pH)) * E[][lambda__HIGHREGIME_2[1]] = 0
 (17)  -sigma * (beta - beta * (1 - pL)) * E[][lambda__LOWREGIME_2[1]] = 0

Steady state equations (17):
 (1)  piH[ss] - piH__lag_1[ss] = 0
 (2)  piL[ss] - piL__lag_1[ss] = 0
 (3)  -etapi[ss] + exp(phi * log(etapi[ss])) = 0
 (4)  -lambda__HIGHREGIME_piH__lag_1[ss] + phipi * lambda__HIGHREGIME_1[ss] * (beta - beta * (1 - pH)) = 0
 (5)  -lambda__LOWREGIME_piL__lag_1[ss] + phipi * lambda__LOWREGIME_1[ss] * (beta - beta * (1 - pL)) = 0
 (6)  pH * lambda__HIGHREGIME_2[ss] + (beta - beta * (1 - pH)) * (-lambda__HIGHREGIME_2[ss] + kappa * lambda__HIGHREGIME_1[ss]) - kappa * theta^-1 * yH[ss] = 0
 (7)  pL * lambda__LOWREGIME_2[ss] + (beta - beta * (1 - pL)) * (-lambda__LOWREGIME_2[ss] + kappa * lambda__LOWREGIME_1[ss]) - kappa * theta^-1 * yL[ss] = 0
 (8)  (1 - pH) * (-yH[ss] + yL[ss]) - sigma * (iH[ss] - piH[ss]) + sigma * (1 - pH) * (-piH[ss] + piL[ss]) = 0
 (9)  (1 - pL) * (yH[ss] - yL[ss]) - sigma * (iL[ss] - piL[ss]) + sigma * (1 - pL) * (piH[ss] - piL[ss]) = 0
 (10)  UH[ss] + 0.5 * (pitH - pitCB + piH[ss])^2 - beta * UH[ss] - beta * (1 - pH) * (-UH[ss] + UL[ss]) + 0.5 * kappa * theta^-1 * yH[ss]^2 = 0
 (11)  UL[ss] + 0.5 * (-pitCB + pitL + piL[ss])^2 - beta * UL[ss] - beta * (1 - pL) * (UH[ss] - UL[ss]) + 0.5 * kappa * theta^-1 * yL[ss]^2 = 0
 (12)  -pitH + pitCB - piH[ss] + lambda__HIGHREGIME_1[ss] * (beta * (1 - phipi) - beta * (1 - phipi) * (1 - pH)) + lambda__HIGHREGIME_2[ss] * (sigma - sigma * (1 - pH)) + (beta - beta * (1 - pH)) * (-lambda__HIGHREGIME_1[ss] + lambda__HIGHREGIME_piH__lag_1[ss]) = 0
 (13)  pitCB - pitL - piL[ss] + lambda__LOWREGIME_1[ss] * (beta * pL * (1 - phipi) - beta * (1 - phipi) * (1 - pL)) + lambda__LOWREGIME_2[ss] * (sigma - sigma * (1 - pL)) + (beta - beta * (1 - pL)) * (-lambda__LOWREGIME_1[ss] + lambda__LOWREGIME_piL__lag_1[ss]) = 0
 (14)  -piH[ss] + log(etapi[ss]) + kappa * yH[ss] + phipi * piH__lag_1[ss] + beta * piH[ss] * (1 - phipi) + beta * (1 - phipi) * (1 - pH) * (-piH[ss] + piL[ss]) = 0
 (15)  -piL[ss] + log(etapi[ss]) + kappa * yL[ss] + phipi * piL__lag_1[ss] + beta * pL * piL[ss] * (1 - phipi) + beta * (1 - phipi) * (1 - pL) * (piH[ss] - piL[ss]) = 0
 (16)  -sigma * lambda__HIGHREGIME_2[ss] * (beta - beta * (1 - pH)) = 0
 (17)  -sigma * lambda__LOWREGIME_2[ss] * (beta - beta * (1 - pL)) = 0

Parameter settings (11):
 (1)  beta = 0.99
 (2)  kappa = 0.2465
 (3)  phi = 0.95
 (4)  phipi = 0.8
 (5)  pitH = 0
 (6)  pitCB = 0
 (7)  pitL = 2
 (8)  pH = 0.99
 (9)  pL = 0.99
 (10)  sigma = 1
 (11)  theta = 6

