\BOOKMARK [1][-]{section.1}{\376\377\000C\000O\000N\000S\000U\000M\000E\000R}{}% 1
\BOOKMARK [2][-]{subsection.1.1}{\376\377\000O\000p\000t\000i\000m\000i\000s\000a\000t\000i\000o\000n\000\040\000p\000r\000o\000b\000l\000e\000m}{section.1}% 2
\BOOKMARK [2][-]{subsection.1.2}{\376\377\000I\000d\000e\000n\000t\000i\000t\000i\000e\000s}{section.1}% 3
\BOOKMARK [2][-]{subsection.1.3}{\376\377\000F\000i\000r\000s\000t\000\040\000o\000r\000d\000e\000r\000\040\000c\000o\000n\000d\000i\000t\000i\000o\000n\000s}{section.1}% 4
\BOOKMARK [1][-]{section.2}{\376\377\000F\000I\000R\000M}{}% 5
\BOOKMARK [2][-]{subsection.2.1}{\376\377\000O\000p\000t\000i\000m\000i\000s\000a\000t\000i\000o\000n\000\040\000p\000r\000o\000b\000l\000e\000m}{section.2}% 6
\BOOKMARK [2][-]{subsection.2.2}{\376\377\000F\000i\000r\000s\000t\000\040\000o\000r\000d\000e\000r\000\040\000c\000o\000n\000d\000i\000t\000i\000o\000n\000s}{section.2}% 7
\BOOKMARK [1][-]{section.3}{\376\377\000P\000R\000I\000C\000E\000\040\000S\000E\000T\000T\000I\000N\000G\000\040\000P\000R\000O\000B\000L\000E\000M}{}% 8
\BOOKMARK [2][-]{subsection.3.1}{\376\377\000I\000d\000e\000n\000t\000i\000t\000i\000e\000s}{section.3}% 9
\BOOKMARK [1][-]{section.4}{\376\377\000P\000R\000I\000C\000E\000\040\000E\000V\000O\000L\000U\000T\000I\000O\000N}{}% 10
\BOOKMARK [2][-]{subsection.4.1}{\376\377\000I\000d\000e\000n\000t\000i\000t\000i\000e\000s}{section.4}% 11
\BOOKMARK [1][-]{section.5}{\376\377\000P\000R\000O\000D\000U\000C\000T\000\040\000A\000G\000G\000R\000E\000G\000A\000T\000I\000O\000N}{}% 12
\BOOKMARK [2][-]{subsection.5.1}{\376\377\000I\000d\000e\000n\000t\000i\000t\000i\000e\000s}{section.5}% 13
\BOOKMARK [1][-]{section.6}{\376\377\000E\000Q\000U\000I\000L\000I\000B\000R\000I\000U\000M}{}% 14
\BOOKMARK [2][-]{subsection.6.1}{\376\377\000I\000d\000e\000n\000t\000i\000t\000i\000e\000s}{section.6}% 15
\BOOKMARK [1][-]{section.7}{\376\377\000M\000O\000N\000E\000T\000A\000R\000Y\000\040\000P\000O\000L\000I\000C\000Y\000\040\000A\000U\000T\000H\000O\000R\000I\000T\000Y}{}% 16
\BOOKMARK [2][-]{subsection.7.1}{\376\377\000I\000d\000e\000n\000t\000i\000t\000i\000e\000s}{section.7}% 17
\BOOKMARK [1][-]{section.8}{\376\377\000G\000O\000V\000E\000R\000N\000M\000E\000N\000T}{}% 18
\BOOKMARK [2][-]{subsection.8.1}{\376\377\000I\000d\000e\000n\000t\000i\000t\000i\000e\000s}{section.8}% 19
\BOOKMARK [1][-]{section.9}{\376\377\000G\000O\000V\000E\000R\000N\000M\000E\000N\000T\000\040\000S\000P\000E\000N\000D\000I\000N\000G\000\040\000S\000H\000O\000C\000K}{}% 20
\BOOKMARK [2][-]{subsection.9.1}{\376\377\000I\000d\000e\000n\000t\000i\000t\000i\000e\000s}{section.9}% 21
\BOOKMARK [1][-]{section.10}{\376\377\000T\000E\000C\000H\000N\000O\000L\000O\000G\000Y}{}% 22
\BOOKMARK [2][-]{subsection.10.1}{\376\377\000I\000d\000e\000n\000t\000i\000t\000i\000e\000s}{section.10}% 23
\BOOKMARK [1][-]{section.11}{\376\377\000E\000q\000u\000i\000l\000i\000b\000r\000i\000u\000m\000\040\000r\000e\000l\000a\000t\000i\000o\000n\000s\000h\000i\000p\000s\000\040\000\050\000a\000f\000t\000e\000r\000\040\000r\000e\000d\000u\000c\000t\000i\000o\000n\000\051}{}% 24
\BOOKMARK [1][-]{section.12}{\376\377\000S\000t\000e\000a\000d\000y\000\040\000s\000t\000a\000t\000e\000\040\000r\000e\000l\000a\000t\000i\000o\000n\000s\000h\000i\000p\000s\000\040\000\050\000a\000f\000t\000e\000r\000\040\000r\000e\000d\000u\000c\000t\000i\000o\000n\000\051}{}% 25
\BOOKMARK [1][-]{section.13}{\376\377\000C\000a\000l\000i\000b\000r\000a\000t\000i\000n\000g\000\040\000e\000q\000u\000a\000t\000i\000o\000n\000s}{}% 26
\BOOKMARK [1][-]{section.14}{\376\377\000P\000a\000r\000a\000m\000e\000t\000e\000r\000\040\000s\000e\000t\000t\000i\000n\000g\000s}{}% 27
\BOOKMARK [1][-]{section.15}{\376\377\000S\000t\000e\000a\000d\000y\000-\000s\000t\000a\000t\000e\000\040\000v\000a\000l\000u\000e\000s}{}% 28
\BOOKMARK [1][-]{section.16}{\376\377\000T\000h\000e\000\040\000s\000o\000l\000u\000t\000i\000o\000n\000\040\000o\000f\000\040\000t\000h\000e\000\040\0001\000s\000t\000\040\000o\000r\000d\000e\000r\000\040\000p\000e\000r\000t\000u\000r\000b\000a\000t\000i\000o\000n}{}% 29
\BOOKMARK [1][-]{section.17}{\376\377\000M\000o\000d\000e\000l\000\040\000s\000t\000a\000t\000i\000s\000t\000i\000c\000s}{}% 30
\BOOKMARK [2][-]{subsection.17.1}{\376\377\000B\000a\000s\000i\000c\000\040\000s\000t\000a\000t\000i\000s\000t\000i\000c\000s}{section.17}% 31
\BOOKMARK [2][-]{subsection.17.2}{\376\377\000C\000o\000r\000r\000e\000l\000a\000t\000i\000o\000n\000\040\000m\000a\000t\000r\000i\000x}{section.17}% 32
\BOOKMARK [2][-]{subsection.17.3}{\376\377\000C\000r\000o\000s\000s\000\040\000c\000o\000r\000r\000e\000l\000a\000t\000i\000o\000n\000s\000\040\000w\000i\000t\000h\000\040\000t\000h\000e\000\040\000r\000e\000f\000e\000r\000e\000n\000c\000e\000\040\000v\000a\000r\000i\000a\000b\000l\000e\000\040\000\050\000\051}{section.17}% 33
\BOOKMARK [2][-]{subsection.17.4}{\376\377\000A\000u\000t\000o\000c\000o\000r\000r\000e\000l\000a\000t\000i\000o\000n\000s}{section.17}% 34
\BOOKMARK [2][-]{subsection.17.5}{\376\377\000V\000a\000r\000i\000a\000n\000c\000e\000\040\000d\000e\000c\000o\000m\000p\000o\000s\000i\000t\000i\000o\000n}{section.17}% 35
\BOOKMARK [1][-]{section.18}{\376\377\000I\000m\000p\000u\000l\000s\000e\000\040\000r\000e\000s\000p\000o\000n\000s\000e\000\040\000f\000u\000n\000c\000t\000i\000o\000n\000s}{}% 36
