This is pdfTeX, Version 3.141592653-2.6-1.40.24 (MiKTeX 22.10) (preloaded format=pdflatex 2023.3.15)  15 APR 2025 17:49
entering extended mode
 restricted \write18 enabled.
 %&-line parsing enabled.
**./baseline_NK.tex
(baseline_NK.tex
LaTeX2e <2022-06-01> patch level 5
L3 programming layer <2022-09-28>
(C:\Users\fm007\AppData\Local\Programs\MiKTeX\tex/latex/base\article.cls
Document Class: article 2021/10/04 v1.4n Standard LaTeX document class
(C:\Users\fm007\AppData\Local\Programs\MiKTeX\tex/latex/base\size10.clo
File: size10.clo 2021/10/04 v1.4n Standard LaTeX file (size option)
)
\c@part=\count185
\c@section=\count186
\c@subsection=\count187
\c@subsubsection=\count188
\c@paragraph=\count189
\c@subparagraph=\count190
\c@figure=\count191
\c@table=\count192
\abovecaptionskip=\skip47
\belowcaptionskip=\skip48
\bibindent=\dimen138
)
(C:\Users\fm007\AppData\Local\Programs\MiKTeX\tex/latex/base\inputenc.sty
Package: inputenc 2021/02/14 v1.3d Input encoding file
\inpenc@prehook=\toks16
\inpenc@posthook=\toks17
)
(C:\Users\fm007\AppData\Local\Programs\MiKTeX\tex/latex/graphics\color.sty
Package: color 2022/01/06 v1.3d Standard LaTeX Color (DPC)

(C:\Users\fm007\AppData\Local\Programs\MiKTeX\tex/latex/graphics-cfg\color.cfg
File: color.cfg 2016/01/02 v1.6 sample color configuration
)
Package color Info: Driver file: pdftex.def on input line 149.

(C:\Users\fm007\AppData\Local\Programs\MiKTeX\tex/latex/graphics-def\pdftex.def
File: pdftex.def 2022/09/22 v1.2b Graphics/color driver for pdftex
\stockwidth=\dimen139
\stockheight=\dimen140
)
(C:\Users\fm007\AppData\Local\Programs\MiKTeX\tex/latex/graphics\mathcolor.ltx)
) (C:\Users\fm007\AppData\Local\Programs\MiKTeX\tex/latex/graphics\graphicx.sty
Package: graphicx 2021/09/16 v1.2d Enhanced LaTeX Graphics (DPC,SPQR)
(C:\Users\fm007\AppData\Local\Programs\MiKTeX\tex/latex/graphics\keyval.sty
Package: keyval 2022/05/29 v1.15 key=value parser (DPC)
\KV@toks@=\toks18
)
(C:\Users\fm007\AppData\Local\Programs\MiKTeX\tex/latex/graphics\graphics.sty
Package: graphics 2022/03/10 v1.4e Standard LaTeX Graphics (DPC,SPQR)

(C:\Users\fm007\AppData\Local\Programs\MiKTeX\tex/latex/graphics\trig.sty
Package: trig 2021/08/11 v1.11 sin cos tan (DPC)
)
(C:\Users\fm007\AppData\Local\Programs\MiKTeX\tex/latex/graphics-cfg\graphics.c
fg
File: graphics.cfg 2016/06/04 v1.11 sample graphics configuration
)
Package graphics Info: Driver file: pdftex.def on input line 107.
)
\Gin@req@height=\dimen141
\Gin@req@width=\dimen142
)
(C:\Users\fm007\AppData\Local\Programs\MiKTeX\tex/latex/epstopdf-pkg\epstopdf.s
ty
Package: epstopdf 2020-01-24 v2.11 Conversion with epstopdf on the fly (HO)

(C:\Users\fm007\AppData\Local\Programs\MiKTeX\tex/generic/infwarerr\infwarerr.s
ty
Package: infwarerr 2019/12/03 v1.5 Providing info/warning/error messages (HO)
) (C:\Users\fm007\AppData\Local\Programs\MiKTeX\tex/latex/grfext\grfext.sty
Package: grfext 2019/12/03 v1.3 Manage graphics extensions (HO)

(C:\Users\fm007\AppData\Local\Programs\MiKTeX\tex/generic/kvdefinekeys\kvdefine
keys.sty
Package: kvdefinekeys 2019-12-19 v1.6 Define keys (HO)
))
(C:\Users\fm007\AppData\Local\Programs\MiKTeX\tex/latex/kvoptions\kvoptions.sty
Package: kvoptions 2022-06-15 v3.15 Key value format for package options (HO)
(C:\Users\fm007\AppData\Local\Programs\MiKTeX\tex/generic/ltxcmds\ltxcmds.sty
Package: ltxcmds 2020-05-10 v1.25 LaTeX kernel commands for general use (HO)
)
(C:\Users\fm007\AppData\Local\Programs\MiKTeX\tex/latex/kvsetkeys\kvsetkeys.sty
Package: kvsetkeys 2022-10-05 v1.19 Key value parser (HO)
))
(C:\Users\fm007\AppData\Local\Programs\MiKTeX\tex/generic/pdftexcmds\pdftexcmds
.sty
Package: pdftexcmds 2020-06-27 v0.33 Utility functions of pdfTeX for LuaTeX (HO
)
 (C:\Users\fm007\AppData\Local\Programs\MiKTeX\tex/generic/iftex\iftex.sty
Package: iftex 2022/02/03 v1.0f TeX engine tests
)
Package pdftexcmds Info: \pdf@primitive is available.
Package pdftexcmds Info: \pdf@ifprimitive is available.
Package pdftexcmds Info: \pdfdraftmode found.
)
(C:\Users\fm007\AppData\Local\Programs\MiKTeX\tex/latex/epstopdf-pkg\epstopdf-b
ase.sty
Package: epstopdf-base 2020-01-24 v2.11 Base part for package epstopdf
Package epstopdf-base Info: Redefining graphics rule for `.eps' on input line 4
85.
Package grfext Info: Graphics extension search list:
(grfext)             [.pdf,.png,.jpg,.mps,.jpeg,.jbig2,.jb2,.PDF,.PNG,.JPG,.JPE
G,.JBIG2,.JB2,.eps]
(grfext)             \AppendGraphicsExtensions on input line 504.

(C:\Users\fm007\AppData\Local\Programs\MiKTeX\tex/latex/00miktex\epstopdf-sys.c
fg
File: epstopdf-sys.cfg 2021/03/18 v2.0 Configuration of epstopdf for MiKTeX
)))
(C:\Users\fm007\AppData\Local\Programs\MiKTeX\tex/latex/hyperref\hyperref.sty
Package: hyperref 2022-09-22 v7.00t Hypertext links for LaTeX

(C:\Users\fm007\AppData\Local\Programs\MiKTeX\tex/generic/pdfescape\pdfescape.s
ty
Package: pdfescape 2019/12/09 v1.15 Implements pdfTeX's escape features (HO)
) (C:\Users\fm007\AppData\Local\Programs\MiKTeX\tex/latex/hycolor\hycolor.sty
Package: hycolor 2020-01-27 v1.10 Color options for hyperref/bookmark (HO)
)
(C:\Users\fm007\AppData\Local\Programs\MiKTeX\tex/latex/letltxmacro\letltxmacro
.sty
Package: letltxmacro 2019/12/03 v1.6 Let assignment for LaTeX macros (HO)
)
(C:\Users\fm007\AppData\Local\Programs\MiKTeX\tex/latex/auxhook\auxhook.sty
Package: auxhook 2019-12-17 v1.6 Hooks for auxiliary files (HO)
)
(C:\Users\fm007\AppData\Local\Programs\MiKTeX\tex/latex/hyperref\nameref.sty
Package: nameref 2022-05-17 v2.50 Cross-referencing by name of section

(C:\Users\fm007\AppData\Local\Programs\MiKTeX\tex/latex/refcount\refcount.sty
Package: refcount 2019/12/15 v3.6 Data extraction from label references (HO)
)
(C:\Users\fm007\AppData\Local\Programs\MiKTeX\tex/generic/gettitlestring\gettit
lestring.sty
Package: gettitlestring 2019/12/15 v1.6 Cleanup title references (HO)
)
\c@section@level=\count193
)
\@linkdim=\dimen143
\Hy@linkcounter=\count194
\Hy@pagecounter=\count195

(C:\Users\fm007\AppData\Local\Programs\MiKTeX\tex/latex/hyperref\pd1enc.def
File: pd1enc.def 2022-09-22 v7.00t Hyperref: PDFDocEncoding definition (HO)
Now handling font encoding PD1 ...
... no UTF-8 mapping file for font encoding PD1
)
(C:\Users\fm007\AppData\Local\Programs\MiKTeX\tex/generic/intcalc\intcalc.sty
Package: intcalc 2019/12/15 v1.3 Expandable calculations with integers (HO)
)
(C:\Users\fm007\AppData\Local\Programs\MiKTeX\tex/generic/etexcmds\etexcmds.sty
Package: etexcmds 2019/12/15 v1.7 Avoid name clashes with e-TeX commands (HO)
)
\Hy@SavedSpaceFactor=\count196
 (C:\Users\fm007\AppData\Local\Programs\MiKTeX\tex/latex/hyperref\puenc.def
File: puenc.def 2022-09-22 v7.00t Hyperref: PDF Unicode definition (HO)
Now handling font encoding PU ...
... no UTF-8 mapping file for font encoding PU
)
Package hyperref Info: Hyper figures OFF on input line 4162.
Package hyperref Info: Link nesting OFF on input line 4167.
Package hyperref Info: Hyper index ON on input line 4170.
Package hyperref Info: Plain pages OFF on input line 4177.
Package hyperref Info: Backreferencing OFF on input line 4182.
Package hyperref Info: Implicit mode ON; LaTeX internals redefined.
Package hyperref Info: Bookmarks ON on input line 4410.
\c@Hy@tempcnt=\count197

(C:\Users\fm007\AppData\Local\Programs\MiKTeX\tex/latex/url\url.sty
\Urlmuskip=\muskip16
Package: url 2013/09/16  ver 3.4  Verb mode for urls, etc.
)
LaTeX Info: Redefining \url on input line 4748.
\XeTeXLinkMargin=\dimen144

(C:\Users\fm007\AppData\Local\Programs\MiKTeX\tex/generic/bitset\bitset.sty
Package: bitset 2019/12/09 v1.3 Handle bit-vector datatype (HO)

(C:\Users\fm007\AppData\Local\Programs\MiKTeX\tex/generic/bigintcalc\bigintcalc
.sty
Package: bigintcalc 2019/12/15 v1.5 Expandable calculations on big integers (HO
)
))
\Fld@menulength=\count198
\Field@Width=\dimen145
\Fld@charsize=\dimen146
Package hyperref Info: Hyper figures OFF on input line 6027.
Package hyperref Info: Link nesting OFF on input line 6032.
Package hyperref Info: Hyper index ON on input line 6035.
Package hyperref Info: backreferencing OFF on input line 6042.
Package hyperref Info: Link coloring OFF on input line 6047.
Package hyperref Info: Link coloring with OCG OFF on input line 6052.
Package hyperref Info: PDF/A mode OFF on input line 6057.

(C:\Users\fm007\AppData\Local\Programs\MiKTeX\tex/latex/base\atbegshi-ltx.sty
Package: atbegshi-ltx 2021/01/10 v1.0c Emulation of the original atbegshi
package with kernel methods
)
\Hy@abspage=\count199
\c@Item=\count266
\c@Hfootnote=\count267
)
Package hyperref Info: Driver (autodetected): hpdftex.
(C:\Users\fm007\AppData\Local\Programs\MiKTeX\tex/latex/hyperref\hpdftex.def
File: hpdftex.def 2022-09-22 v7.00t Hyperref driver for pdfTeX

(C:\Users\fm007\AppData\Local\Programs\MiKTeX\tex/latex/base\atveryend-ltx.sty
Package: atveryend-ltx 2020/08/19 v1.0a Emulation of the original atveryend pac
kage
with kernel methods
)
\Fld@listcount=\count268
\c@bookmark@seq@number=\count269

(C:\Users\fm007\AppData\Local\Programs\MiKTeX\tex/latex/rerunfilecheck\rerunfil
echeck.sty
Package: rerunfilecheck 2022-07-10 v1.10 Rerun checks for auxiliary files (HO)

(C:\Users\fm007\AppData\Local\Programs\MiKTeX\tex/generic/uniquecounter\uniquec
ounter.sty
Package: uniquecounter 2019/12/15 v1.4 Provide unlimited unique counter (HO)
)
Package uniquecounter Info: New unique counter `rerunfilecheck' on input line 2
85.
)
\Hy@SectionHShift=\skip49
)
(C:\Users\fm007\AppData\Local\Programs\MiKTeX\tex/latex/amsmath\amsmath.sty
Package: amsmath 2022/04/08 v2.17n AMS math features
\@mathmargin=\skip50

For additional information on amsmath, use the `?' option.
(C:\Users\fm007\AppData\Local\Programs\MiKTeX\tex/latex/amsmath\amstext.sty
Package: amstext 2021/08/26 v2.01 AMS text

(C:\Users\fm007\AppData\Local\Programs\MiKTeX\tex/latex/amsmath\amsgen.sty
File: amsgen.sty 1999/11/30 v2.0 generic functions
\@emptytoks=\toks19
\ex@=\dimen147
))
(C:\Users\fm007\AppData\Local\Programs\MiKTeX\tex/latex/amsmath\amsbsy.sty
Package: amsbsy 1999/11/29 v1.2d Bold Symbols
\pmbraise@=\dimen148
)
(C:\Users\fm007\AppData\Local\Programs\MiKTeX\tex/latex/amsmath\amsopn.sty
Package: amsopn 2022/04/08 v2.04 operator names
)
\inf@bad=\count270
LaTeX Info: Redefining \frac on input line 234.
\uproot@=\count271
\leftroot@=\count272
LaTeX Info: Redefining \overline on input line 399.
LaTeX Info: Redefining \colon on input line 410.
\classnum@=\count273
\DOTSCASE@=\count274
LaTeX Info: Redefining \ldots on input line 496.
LaTeX Info: Redefining \dots on input line 499.
LaTeX Info: Redefining \cdots on input line 620.
\Mathstrutbox@=\box51
\strutbox@=\box52
LaTeX Info: Redefining \big on input line 722.
LaTeX Info: Redefining \Big on input line 723.
LaTeX Info: Redefining \bigg on input line 724.
LaTeX Info: Redefining \Bigg on input line 725.
\big@size=\dimen149
LaTeX Font Info:    Redeclaring font encoding OML on input line 743.
LaTeX Font Info:    Redeclaring font encoding OMS on input line 744.
\macc@depth=\count275
LaTeX Info: Redefining \bmod on input line 905.
LaTeX Info: Redefining \pmod on input line 910.
LaTeX Info: Redefining \smash on input line 940.
LaTeX Info: Redefining \relbar on input line 970.
LaTeX Info: Redefining \Relbar on input line 971.
\c@MaxMatrixCols=\count276
\dotsspace@=\muskip17
\c@parentequation=\count277
\dspbrk@lvl=\count278
\tag@help=\toks20
\row@=\count279
\column@=\count280
\maxfields@=\count281
\andhelp@=\toks21
\eqnshift@=\dimen150
\alignsep@=\dimen151
\tagshift@=\dimen152
\tagwidth@=\dimen153
\totwidth@=\dimen154
\lineht@=\dimen155
\@envbody=\toks22
\multlinegap=\skip51
\multlinetaggap=\skip52
\mathdisplay@stack=\toks23
LaTeX Info: Redefining \[ on input line 2953.
LaTeX Info: Redefining \] on input line 2954.
)
(C:\Users\fm007\AppData\Local\Programs\MiKTeX\tex/latex/amsfonts\amssymb.sty
Package: amssymb 2013/01/14 v3.01 AMS font symbols

(C:\Users\fm007\AppData\Local\Programs\MiKTeX\tex/latex/amsfonts\amsfonts.sty
Package: amsfonts 2013/01/14 v3.01 Basic AMSFonts support
\symAMSa=\mathgroup4
\symAMSb=\mathgroup5
LaTeX Font Info:    Redeclaring math symbol \hbar on input line 98.
LaTeX Font Info:    Overwriting math alphabet `\mathfrak' in version `bold'
(Font)                  U/euf/m/n --> U/euf/b/n on input line 106.
))
(C:\Users\fm007\AppData\Local\Programs\MiKTeX\tex/latex/pdflscape\pdflscape.sty
Package: pdflscape 2022-10-27 v0.13 Display of landscape pages in PDF

(C:\Users\fm007\AppData\Local\Programs\MiKTeX\tex/latex/pdflscape\pdflscape-nom
etadata.sty
Package: pdflscape-nometadata 2022-10-28 v0.13 Display of landscape pages in PD
F (HO)

(C:\Users\fm007\AppData\Local\Programs\MiKTeX\tex/latex/graphics\lscape.sty
Package: lscape 2020/05/28 v3.02 Landscape Pages (DPC)
)
Package pdflscape Info: Auto-detected driver: pdftex on input line 81.
))
(C:\Users\fm007\AppData\Local\Programs\MiKTeX\tex/latex/geometry\geometry.sty
Package: geometry 2020/01/02 v5.9 Page Geometry

(C:\Users\fm007\AppData\Local\Programs\MiKTeX\tex/generic/iftex\ifvtex.sty
Package: ifvtex 2019/10/25 v1.7 ifvtex legacy package. Use iftex instead.
)
\Gm@cnth=\count282
\Gm@cntv=\count283
\c@Gm@tempcnt=\count284
\Gm@bindingoffset=\dimen156
\Gm@wd@mp=\dimen157
\Gm@odd@mp=\dimen158
\Gm@even@mp=\dimen159
\Gm@layoutwidth=\dimen160
\Gm@layoutheight=\dimen161
\Gm@layouthoffset=\dimen162
\Gm@layoutvoffset=\dimen163
\Gm@dimlist=\toks24

(C:\Users\fm007\AppData\Local\Programs\MiKTeX\tex/latex/geometry\geometry.cfg))

(C:\Users\fm007\AppData\Local\Programs\MiKTeX\tex/latex/l3backend\l3backend-pdf
tex.def
File: l3backend-pdftex.def 2022-09-28 L3 backend support: PDF output (pdfTeX)
\l__color_backend_stack_int=\count285
\l__pdf_internal_box=\box53
) (baseline_NK.aux)
\openout1 = `baseline_NK.aux'.

LaTeX Font Info:    Checking defaults for OML/cmm/m/it on input line 19.
LaTeX Font Info:    ... okay on input line 19.
LaTeX Font Info:    Checking defaults for OMS/cmsy/m/n on input line 19.
LaTeX Font Info:    ... okay on input line 19.
LaTeX Font Info:    Checking defaults for OT1/cmr/m/n on input line 19.
LaTeX Font Info:    ... okay on input line 19.
LaTeX Font Info:    Checking defaults for T1/cmr/m/n on input line 19.
LaTeX Font Info:    ... okay on input line 19.
LaTeX Font Info:    Checking defaults for TS1/cmr/m/n on input line 19.
LaTeX Font Info:    ... okay on input line 19.
LaTeX Font Info:    Checking defaults for OMX/cmex/m/n on input line 19.
LaTeX Font Info:    ... okay on input line 19.
LaTeX Font Info:    Checking defaults for U/cmr/m/n on input line 19.
LaTeX Font Info:    ... okay on input line 19.
LaTeX Font Info:    Checking defaults for PD1/pdf/m/n on input line 19.
LaTeX Font Info:    ... okay on input line 19.
LaTeX Font Info:    Checking defaults for PU/pdf/m/n on input line 19.
LaTeX Font Info:    ... okay on input line 19.

(C:\Users\fm007\AppData\Local\Programs\MiKTeX\tex/context/base/mkii\supp-pdf.mk
ii
[Loading MPS to PDF converter (version 2006.09.02).]
\scratchcounter=\count286
\scratchdimen=\dimen164
\scratchbox=\box54
\nofMPsegments=\count287
\nofMParguments=\count288
\everyMPshowfont=\toks25
\MPscratchCnt=\count289
\MPscratchDim=\dimen165
\MPnumerator=\count290
\makeMPintoPDFobject=\count291
\everyMPtoPDFconversion=\toks26
)
Package hyperref Info: Link coloring OFF on input line 19.
 (baseline_NK.out) (baseline_NK.out)
\@outlinefile=\write3
\openout3 = `baseline_NK.out'.


*geometry* driver: auto-detecting
*geometry* detected driver: pdftex
*geometry* verbose mode - [ preamble ] result:
* driver: pdftex
* paper: a4paper
* layout: <same size as paper>
* layoutoffset:(h,v)=(0.0pt,0.0pt)
* modes: 
* h-part:(L,W,R)=(56.9055pt, 483.69687pt, 56.9055pt)
* v-part:(T,H,B)=(71.13188pt, 702.78308pt, 71.13188pt)
* \paperwidth=597.50787pt
* \paperheight=845.04684pt
* \textwidth=483.69687pt
* \textheight=702.78308pt
* \oddsidemargin=-15.36449pt
* \evensidemargin=-15.36449pt
* \topmargin=-38.1381pt
* \headheight=12.0pt
* \headsep=25.0pt
* \topskip=10.0pt
* \footskip=30.0pt
* \marginparwidth=57.0pt
* \marginparsep=11.0pt
* \columnsep=10.0pt
* \skip\footins=9.0pt plus 4.0pt minus 2.0pt
* \hoffset=0.0pt
* \voffset=0.0pt
* \mag=1000
* \@twocolumnfalse
* \@twosidefalse
* \@mparswitchfalse
* \@reversemarginfalse
* (1in=72.27pt=25.4mm, 1cm=28.453pt)

(baseline_NK.model.tex
LaTeX Font Info:    Trying to load font information for U+msa on input line 10.


(C:\Users\fm007\AppData\Local\Programs\MiKTeX\tex/latex/amsfonts\umsa.fd
File: umsa.fd 2013/01/14 v3.01 AMS symbols A
)
LaTeX Font Info:    Trying to load font information for U+msb on input line 10.


(C:\Users\fm007\AppData\Local\Programs\MiKTeX\tex/latex/amsfonts\umsb.fd
File: umsb.fd 2013/01/14 v3.01 AMS symbols B
)
[1


{C:/Users/fm007/AppData/Local/MiKTeX/fonts/map/pdftex/pdftex.map}] [2]
[3] [4] [5] [6]) [7] (baseline_NK.results.tex [8

] [9]
Overfull \hbox (438.81207pt too wide) in paragraph at lines 164--193
[] 
 []

[10]

Package hyperref Warning: Token not allowed in a PDF string (Unicode):
(hyperref)                removing `math shift' on input line 195.


Package hyperref Warning: Token not allowed in a PDF string (Unicode):
(hyperref)                removing `\pi' on input line 195.


Package hyperref Warning: Token not allowed in a PDF string (Unicode):
(hyperref)                removing `math shift' on input line 195.


Overfull \hbox (43.40837pt too wide) in paragraph at lines 197--226
[] 
 []

[11] [12]
Package epstopdf Info: Source file: <plots/plot_81.eps>
(epstopdf)                    date: 2025-04-15 17:48:04
(epstopdf)                    size: 6245 bytes
(epstopdf)             Output file: <plots/plot_81-eps-converted-to.pdf>
(epstopdf)                    date: 2025-04-15 17:48:19
(epstopdf)                    size: 11718 bytes
(epstopdf)             Command: <miktex-epstopdf --outfile=plots/plot_81-eps-co
nverted-to.pdf plots/plot_81.eps>
(epstopdf)             \includegraphics on input line 270.
Package epstopdf Info: Output file is already uptodate.


pdfTeX warning: pdflatex (file ./plots/plot_81-eps-converted-to.pdf): PDF inclu
sion: found PDF version <1.7>, but at most version <1.5> allowed
<plots/plot_81-eps-converted-to.pdf, id=313, 505.89pt x 505.89pt>
File: plots/plot_81-eps-converted-to.pdf Graphic file (type pdf)
<use plots/plot_81-eps-converted-to.pdf>
Package pdftex.def Info: plots/plot_81-eps-converted-to.pdf  used on input line
 270.
(pdftex.def)             Requested size: 278.24034pt x 278.24034pt.
Package epstopdf Info: Source file: <plots/plot_82.eps>
(epstopdf)                    date: 2025-04-15 17:48:04
(epstopdf)                    size: 6384 bytes
(epstopdf)             Output file: <plots/plot_82-eps-converted-to.pdf>
(epstopdf)                    date: 2025-04-15 17:48:20
(epstopdf)                    size: 11483 bytes
(epstopdf)             Command: <miktex-epstopdf --outfile=plots/plot_82-eps-co
nverted-to.pdf plots/plot_82.eps>
(epstopdf)             \includegraphics on input line 276.
Package epstopdf Info: Output file is already uptodate.


pdfTeX warning: pdflatex (file ./plots/plot_82-eps-converted-to.pdf): PDF inclu
sion: found PDF version <1.7>, but at most version <1.5> allowed
<plots/plot_82-eps-converted-to.pdf, id=314, 505.89pt x 505.89pt>
File: plots/plot_82-eps-converted-to.pdf Graphic file (type pdf)
<use plots/plot_82-eps-converted-to.pdf>
Package pdftex.def Info: plots/plot_82-eps-converted-to.pdf  used on input line
 276.
(pdftex.def)             Requested size: 278.24034pt x 278.24034pt.

Overfull \hbox (2.22221pt too wide) in paragraph at lines 267--279
[]$[]$ $[]$ 
 []

Package epstopdf Info: Source file: <plots/plot_83.eps>
(epstopdf)                    date: 2025-04-15 17:48:04
(epstopdf)                    size: 6324 bytes
(epstopdf)             Output file: <plots/plot_83-eps-converted-to.pdf>
(epstopdf)                    date: 2025-04-15 17:48:21
(epstopdf)                    size: 11417 bytes
(epstopdf)             Command: <miktex-epstopdf --outfile=plots/plot_83-eps-co
nverted-to.pdf plots/plot_83.eps>
(epstopdf)             \includegraphics on input line 285.
Package epstopdf Info: Output file is already uptodate.


pdfTeX warning: pdflatex (file ./plots/plot_83-eps-converted-to.pdf): PDF inclu
sion: found PDF version <1.7>, but at most version <1.5> allowed
<plots/plot_83-eps-converted-to.pdf, id=315, 505.89pt x 505.89pt>
File: plots/plot_83-eps-converted-to.pdf Graphic file (type pdf)
<use plots/plot_83-eps-converted-to.pdf>
Package pdftex.def Info: plots/plot_83-eps-converted-to.pdf  used on input line
 285.
(pdftex.def)             Requested size: 278.24034pt x 278.24034pt.
Package epstopdf Info: Source file: <plots/plot_84.eps>
(epstopdf)                    date: 2025-04-15 17:48:04
(epstopdf)                    size: 6392 bytes
(epstopdf)             Output file: <plots/plot_84-eps-converted-to.pdf>
(epstopdf)                    date: 2025-04-15 17:48:22
(epstopdf)                    size: 11626 bytes
(epstopdf)             Command: <miktex-epstopdf --outfile=plots/plot_84-eps-co
nverted-to.pdf plots/plot_84.eps>
(epstopdf)             \includegraphics on input line 291.
Package epstopdf Info: Output file is already uptodate.


pdfTeX warning: pdflatex (file ./plots/plot_84-eps-converted-to.pdf): PDF inclu
sion: found PDF version <1.7>, but at most version <1.5> allowed
<plots/plot_84-eps-converted-to.pdf, id=316, 505.89pt x 505.89pt>
File: plots/plot_84-eps-converted-to.pdf Graphic file (type pdf)
<use plots/plot_84-eps-converted-to.pdf>
Package pdftex.def Info: plots/plot_84-eps-converted-to.pdf  used on input line
 291.
(pdftex.def)             Requested size: 278.24034pt x 278.24034pt.

Overfull \hbox (2.22221pt too wide) in paragraph at lines 282--294
[]$[]$ $[]$ 
 []

[13 <./plots/plot_81-eps-converted-to.pdf> <./plots/plot_82-eps-converted-to.pd
f> <./plots/plot_83-eps-converted-to.pdf> <./plots/plot_84-eps-converted-to.pdf
>]
Package epstopdf Info: Source file: <plots/plot_85.eps>
(epstopdf)                    date: 2025-04-15 17:48:04
(epstopdf)                    size: 6354 bytes
(epstopdf)             Output file: <plots/plot_85-eps-converted-to.pdf>
(epstopdf)                    date: 2025-04-15 17:48:23
(epstopdf)                    size: 11808 bytes
(epstopdf)             Command: <miktex-epstopdf --outfile=plots/plot_85-eps-co
nverted-to.pdf plots/plot_85.eps>
(epstopdf)             \includegraphics on input line 303.
Package epstopdf Info: Output file is already uptodate.


pdfTeX warning: pdflatex (file ./plots/plot_85-eps-converted-to.pdf): PDF inclu
sion: found PDF version <1.7>, but at most version <1.5> allowed
<plots/plot_85-eps-converted-to.pdf, id=357, 505.89pt x 505.89pt>
File: plots/plot_85-eps-converted-to.pdf Graphic file (type pdf)
<use plots/plot_85-eps-converted-to.pdf>
Package pdftex.def Info: plots/plot_85-eps-converted-to.pdf  used on input line
 303.
(pdftex.def)             Requested size: 278.24034pt x 278.24034pt.
[14 <./plots/plot_85-eps-converted-to.pdf>]
Package epstopdf Info: Source file: <plots/plot_86.eps>
(epstopdf)                    date: 2025-04-15 17:48:54
(epstopdf)                    size: 6245 bytes
(epstopdf)             Output file: <plots/plot_86-eps-converted-to.pdf>
(epstopdf)             Command: <miktex-epstopdf --outfile=plots/plot_86-eps-co
nverted-to.pdf plots/plot_86.eps>
(epstopdf)             \includegraphics on input line 316.
runsystem(miktex-epstopdf --outfile=plots/plot_86-eps-converted-to.pdf plots/pl
ot_86.eps)...executed safely (allowed).

Package epstopdf Info: Result file: <plots/plot_86-eps-converted-to.pdf>
(epstopdf)                    date: 2025-04-15 17:49:35
(epstopdf)                    size: 11718 bytes.


pdfTeX warning: pdflatex (file ./plots/plot_86-eps-converted-to.pdf): PDF inclu
sion: found PDF version <1.7>, but at most version <1.5> allowed
<plots/plot_86-eps-converted-to.pdf, id=371, 505.89pt x 505.89pt>
File: plots/plot_86-eps-converted-to.pdf Graphic file (type pdf)
<use plots/plot_86-eps-converted-to.pdf>
Package pdftex.def Info: plots/plot_86-eps-converted-to.pdf  used on input line
 316.
(pdftex.def)             Requested size: 278.24034pt x 278.24034pt.
Package epstopdf Info: Source file: <plots/plot_87.eps>
(epstopdf)                    date: 2025-04-15 17:48:54
(epstopdf)                    size: 6384 bytes
(epstopdf)             Output file: <plots/plot_87-eps-converted-to.pdf>
(epstopdf)             Command: <miktex-epstopdf --outfile=plots/plot_87-eps-co
nverted-to.pdf plots/plot_87.eps>
(epstopdf)             \includegraphics on input line 322.
runsystem(miktex-epstopdf --outfile=plots/plot_87-eps-converted-to.pdf plots/pl
ot_87.eps)...executed safely (allowed).

Package epstopdf Info: Result file: <plots/plot_87-eps-converted-to.pdf>
(epstopdf)                    date: 2025-04-15 17:49:36
(epstopdf)                    size: 11483 bytes.


pdfTeX warning: pdflatex (file ./plots/plot_87-eps-converted-to.pdf): PDF inclu
sion: found PDF version <1.7>, but at most version <1.5> allowed
<plots/plot_87-eps-converted-to.pdf, id=372, 505.89pt x 505.89pt>
File: plots/plot_87-eps-converted-to.pdf Graphic file (type pdf)
<use plots/plot_87-eps-converted-to.pdf>
Package pdftex.def Info: plots/plot_87-eps-converted-to.pdf  used on input line
 322.
(pdftex.def)             Requested size: 278.24034pt x 278.24034pt.

Overfull \hbox (2.22221pt too wide) in paragraph at lines 313--325
[]$[]$ $[]$ 
 []

Package epstopdf Info: Source file: <plots/plot_88.eps>
(epstopdf)                    date: 2025-04-15 17:48:54
(epstopdf)                    size: 6324 bytes
(epstopdf)             Output file: <plots/plot_88-eps-converted-to.pdf>
(epstopdf)             Command: <miktex-epstopdf --outfile=plots/plot_88-eps-co
nverted-to.pdf plots/plot_88.eps>
(epstopdf)             \includegraphics on input line 331.
runsystem(miktex-epstopdf --outfile=plots/plot_88-eps-converted-to.pdf plots/pl
ot_88.eps)...executed safely (allowed).

Package epstopdf Info: Result file: <plots/plot_88-eps-converted-to.pdf>
(epstopdf)                    date: 2025-04-15 17:49:37
(epstopdf)                    size: 11417 bytes.


pdfTeX warning: pdflatex (file ./plots/plot_88-eps-converted-to.pdf): PDF inclu
sion: found PDF version <1.7>, but at most version <1.5> allowed
<plots/plot_88-eps-converted-to.pdf, id=373, 505.89pt x 505.89pt>
File: plots/plot_88-eps-converted-to.pdf Graphic file (type pdf)
<use plots/plot_88-eps-converted-to.pdf>
Package pdftex.def Info: plots/plot_88-eps-converted-to.pdf  used on input line
 331.
(pdftex.def)             Requested size: 278.24034pt x 278.24034pt.
Package epstopdf Info: Source file: <plots/plot_89.eps>
(epstopdf)                    date: 2025-04-15 17:48:54
(epstopdf)                    size: 6392 bytes
(epstopdf)             Output file: <plots/plot_89-eps-converted-to.pdf>
(epstopdf)             Command: <miktex-epstopdf --outfile=plots/plot_89-eps-co
nverted-to.pdf plots/plot_89.eps>
(epstopdf)             \includegraphics on input line 337.
runsystem(miktex-epstopdf --outfile=plots/plot_89-eps-converted-to.pdf plots/pl
ot_89.eps)...executed safely (allowed).

Package epstopdf Info: Result file: <plots/plot_89-eps-converted-to.pdf>
(epstopdf)                    date: 2025-04-15 17:49:38
(epstopdf)                    size: 11626 bytes.


pdfTeX warning: pdflatex (file ./plots/plot_89-eps-converted-to.pdf): PDF inclu
sion: found PDF version <1.7>, but at most version <1.5> allowed
<plots/plot_89-eps-converted-to.pdf, id=374, 505.89pt x 505.89pt>
File: plots/plot_89-eps-converted-to.pdf Graphic file (type pdf)
<use plots/plot_89-eps-converted-to.pdf>
Package pdftex.def Info: plots/plot_89-eps-converted-to.pdf  used on input line
 337.
(pdftex.def)             Requested size: 278.24034pt x 278.24034pt.

Overfull \hbox (2.22221pt too wide) in paragraph at lines 328--340
[]$[]$ $[]$ 
 []

[15 <./plots/plot_86-eps-converted-to.pdf> <./plots/plot_87-eps-converted-to.pd
f> <./plots/plot_88-eps-converted-to.pdf> <./plots/plot_89-eps-converted-to.pdf
>]
Package epstopdf Info: Source file: <plots/plot_90.eps>
(epstopdf)                    date: 2025-04-15 17:48:54
(epstopdf)                    size: 6354 bytes
(epstopdf)             Output file: <plots/plot_90-eps-converted-to.pdf>
(epstopdf)             Command: <miktex-epstopdf --outfile=plots/plot_90-eps-co
nverted-to.pdf plots/plot_90.eps>
(epstopdf)             \includegraphics on input line 349.
runsystem(miktex-epstopdf --outfile=plots/plot_90-eps-converted-to.pdf plots/pl
ot_90.eps)...executed safely (allowed).

Package epstopdf Info: Result file: <plots/plot_90-eps-converted-to.pdf>
(epstopdf)                    date: 2025-04-15 17:49:39
(epstopdf)                    size: 11808 bytes.


pdfTeX warning: pdflatex (file ./plots/plot_90-eps-converted-to.pdf): PDF inclu
sion: found PDF version <1.7>, but at most version <1.5> allowed
<plots/plot_90-eps-converted-to.pdf, id=415, 505.89pt x 505.89pt>
File: plots/plot_90-eps-converted-to.pdf Graphic file (type pdf)
<use plots/plot_90-eps-converted-to.pdf>
Package pdftex.def Info: plots/plot_90-eps-converted-to.pdf  used on input line
 349.
(pdftex.def)             Requested size: 278.24034pt x 278.24034pt.
[16 <./plots/plot_90-eps-converted-to.pdf>]
Package epstopdf Info: Source file: <plots/plot_91.eps>
(epstopdf)                    date: 2025-04-15 17:48:54
(epstopdf)                    size: 6245 bytes
(epstopdf)             Output file: <plots/plot_91-eps-converted-to.pdf>
(epstopdf)             Command: <miktex-epstopdf --outfile=plots/plot_91-eps-co
nverted-to.pdf plots/plot_91.eps>
(epstopdf)             \includegraphics on input line 362.
runsystem(miktex-epstopdf --outfile=plots/plot_91-eps-converted-to.pdf plots/pl
ot_91.eps)...executed safely (allowed).

Package epstopdf Info: Result file: <plots/plot_91-eps-converted-to.pdf>
(epstopdf)                    date: 2025-04-15 17:49:40
(epstopdf)                    size: 11718 bytes.


pdfTeX warning: pdflatex (file ./plots/plot_91-eps-converted-to.pdf): PDF inclu
sion: found PDF version <1.7>, but at most version <1.5> allowed
<plots/plot_91-eps-converted-to.pdf, id=429, 505.89pt x 505.89pt>
File: plots/plot_91-eps-converted-to.pdf Graphic file (type pdf)
<use plots/plot_91-eps-converted-to.pdf>
Package pdftex.def Info: plots/plot_91-eps-converted-to.pdf  used on input line
 362.
(pdftex.def)             Requested size: 278.24034pt x 278.24034pt.
Package epstopdf Info: Source file: <plots/plot_92.eps>
(epstopdf)                    date: 2025-04-15 17:48:54
(epstopdf)                    size: 6384 bytes
(epstopdf)             Output file: <plots/plot_92-eps-converted-to.pdf>
(epstopdf)             Command: <miktex-epstopdf --outfile=plots/plot_92-eps-co
nverted-to.pdf plots/plot_92.eps>
(epstopdf)             \includegraphics on input line 368.
runsystem(miktex-epstopdf --outfile=plots/plot_92-eps-converted-to.pdf plots/pl
ot_92.eps)...executed safely (allowed).

Package epstopdf Info: Result file: <plots/plot_92-eps-converted-to.pdf>
(epstopdf)                    date: 2025-04-15 17:49:41
(epstopdf)                    size: 11483 bytes.


pdfTeX warning: pdflatex (file ./plots/plot_92-eps-converted-to.pdf): PDF inclu
sion: found PDF version <1.7>, but at most version <1.5> allowed
<plots/plot_92-eps-converted-to.pdf, id=430, 505.89pt x 505.89pt>
File: plots/plot_92-eps-converted-to.pdf Graphic file (type pdf)
<use plots/plot_92-eps-converted-to.pdf>
Package pdftex.def Info: plots/plot_92-eps-converted-to.pdf  used on input line
 368.
(pdftex.def)             Requested size: 278.24034pt x 278.24034pt.

Overfull \hbox (2.22221pt too wide) in paragraph at lines 359--371
[]$[]$ $[]$ 
 []

Package epstopdf Info: Source file: <plots/plot_93.eps>
(epstopdf)                    date: 2025-04-15 17:48:54
(epstopdf)                    size: 6324 bytes
(epstopdf)             Output file: <plots/plot_93-eps-converted-to.pdf>
(epstopdf)             Command: <miktex-epstopdf --outfile=plots/plot_93-eps-co
nverted-to.pdf plots/plot_93.eps>
(epstopdf)             \includegraphics on input line 377.
runsystem(miktex-epstopdf --outfile=plots/plot_93-eps-converted-to.pdf plots/pl
ot_93.eps)...executed safely (allowed).

Package epstopdf Info: Result file: <plots/plot_93-eps-converted-to.pdf>
(epstopdf)                    date: 2025-04-15 17:49:42
(epstopdf)                    size: 11417 bytes.


pdfTeX warning: pdflatex (file ./plots/plot_93-eps-converted-to.pdf): PDF inclu
sion: found PDF version <1.7>, but at most version <1.5> allowed
<plots/plot_93-eps-converted-to.pdf, id=431, 505.89pt x 505.89pt>
File: plots/plot_93-eps-converted-to.pdf Graphic file (type pdf)
<use plots/plot_93-eps-converted-to.pdf>
Package pdftex.def Info: plots/plot_93-eps-converted-to.pdf  used on input line
 377.
(pdftex.def)             Requested size: 278.24034pt x 278.24034pt.
Package epstopdf Info: Source file: <plots/plot_94.eps>
(epstopdf)                    date: 2025-04-15 17:48:54
(epstopdf)                    size: 6392 bytes
(epstopdf)             Output file: <plots/plot_94-eps-converted-to.pdf>
(epstopdf)             Command: <miktex-epstopdf --outfile=plots/plot_94-eps-co
nverted-to.pdf plots/plot_94.eps>
(epstopdf)             \includegraphics on input line 383.
runsystem(miktex-epstopdf --outfile=plots/plot_94-eps-converted-to.pdf plots/pl
ot_94.eps)...executed safely (allowed).

Package epstopdf Info: Result file: <plots/plot_94-eps-converted-to.pdf>
(epstopdf)                    date: 2025-04-15 17:49:43
(epstopdf)                    size: 11626 bytes.


pdfTeX warning: pdflatex (file ./plots/plot_94-eps-converted-to.pdf): PDF inclu
sion: found PDF version <1.7>, but at most version <1.5> allowed
<plots/plot_94-eps-converted-to.pdf, id=432, 505.89pt x 505.89pt>
File: plots/plot_94-eps-converted-to.pdf Graphic file (type pdf)
<use plots/plot_94-eps-converted-to.pdf>
Package pdftex.def Info: plots/plot_94-eps-converted-to.pdf  used on input line
 383.
(pdftex.def)             Requested size: 278.24034pt x 278.24034pt.

Overfull \hbox (2.22221pt too wide) in paragraph at lines 374--386
[]$[]$ $[]$ 
 []

[17 <./plots/plot_91-eps-converted-to.pdf> <./plots/plot_92-eps-converted-to.pd
f> <./plots/plot_93-eps-converted-to.pdf> <./plots/plot_94-eps-converted-to.pdf
>]
Package epstopdf Info: Source file: <plots/plot_95.eps>
(epstopdf)                    date: 2025-04-15 17:48:54
(epstopdf)                    size: 6354 bytes
(epstopdf)             Output file: <plots/plot_95-eps-converted-to.pdf>
(epstopdf)             Command: <miktex-epstopdf --outfile=plots/plot_95-eps-co
nverted-to.pdf plots/plot_95.eps>
(epstopdf)             \includegraphics on input line 395.
runsystem(miktex-epstopdf --outfile=plots/plot_95-eps-converted-to.pdf plots/pl
ot_95.eps)...executed safely (allowed).

Package epstopdf Info: Result file: <plots/plot_95-eps-converted-to.pdf>
(epstopdf)                    date: 2025-04-15 17:49:45
(epstopdf)                    size: 11808 bytes.


pdfTeX warning: pdflatex (file ./plots/plot_95-eps-converted-to.pdf): PDF inclu
sion: found PDF version <1.7>, but at most version <1.5> allowed
<plots/plot_95-eps-converted-to.pdf, id=473, 505.89pt x 505.89pt>
File: plots/plot_95-eps-converted-to.pdf Graphic file (type pdf)
<use plots/plot_95-eps-converted-to.pdf>
Package pdftex.def Info: plots/plot_95-eps-converted-to.pdf  used on input line
 395.
(pdftex.def)             Requested size: 278.24034pt x 278.24034pt.
[18 <./plots/plot_95-eps-converted-to.pdf>]
Package epstopdf Info: Source file: <plots/plot_96.eps>
(epstopdf)                    date: 2025-04-15 17:48:54
(epstopdf)                    size: 6245 bytes
(epstopdf)             Output file: <plots/plot_96-eps-converted-to.pdf>
(epstopdf)             Command: <miktex-epstopdf --outfile=plots/plot_96-eps-co
nverted-to.pdf plots/plot_96.eps>
(epstopdf)             \includegraphics on input line 408.
runsystem(miktex-epstopdf --outfile=plots/plot_96-eps-converted-to.pdf plots/pl
ot_96.eps)...executed safely (allowed).

Package epstopdf Info: Result file: <plots/plot_96-eps-converted-to.pdf>
(epstopdf)                    date: 2025-04-15 17:49:46
(epstopdf)                    size: 11718 bytes.


pdfTeX warning: pdflatex (file ./plots/plot_96-eps-converted-to.pdf): PDF inclu
sion: found PDF version <1.7>, but at most version <1.5> allowed
<plots/plot_96-eps-converted-to.pdf, id=487, 505.89pt x 505.89pt>
File: plots/plot_96-eps-converted-to.pdf Graphic file (type pdf)
<use plots/plot_96-eps-converted-to.pdf>
Package pdftex.def Info: plots/plot_96-eps-converted-to.pdf  used on input line
 408.
(pdftex.def)             Requested size: 278.24034pt x 278.24034pt.
Package epstopdf Info: Source file: <plots/plot_97.eps>
(epstopdf)                    date: 2025-04-15 17:48:54
(epstopdf)                    size: 6384 bytes
(epstopdf)             Output file: <plots/plot_97-eps-converted-to.pdf>
(epstopdf)             Command: <miktex-epstopdf --outfile=plots/plot_97-eps-co
nverted-to.pdf plots/plot_97.eps>
(epstopdf)             \includegraphics on input line 414.
runsystem(miktex-epstopdf --outfile=plots/plot_97-eps-converted-to.pdf plots/pl
ot_97.eps)...executed safely (allowed).

Package epstopdf Info: Result file: <plots/plot_97-eps-converted-to.pdf>
(epstopdf)                    date: 2025-04-15 17:49:47
(epstopdf)                    size: 11483 bytes.


pdfTeX warning: pdflatex (file ./plots/plot_97-eps-converted-to.pdf): PDF inclu
sion: found PDF version <1.7>, but at most version <1.5> allowed
<plots/plot_97-eps-converted-to.pdf, id=488, 505.89pt x 505.89pt>
File: plots/plot_97-eps-converted-to.pdf Graphic file (type pdf)
<use plots/plot_97-eps-converted-to.pdf>
Package pdftex.def Info: plots/plot_97-eps-converted-to.pdf  used on input line
 414.
(pdftex.def)             Requested size: 278.24034pt x 278.24034pt.

Overfull \hbox (2.22221pt too wide) in paragraph at lines 405--417
[]$[]$ $[]$ 
 []

Package epstopdf Info: Source file: <plots/plot_98.eps>
(epstopdf)                    date: 2025-04-15 17:48:54
(epstopdf)                    size: 6324 bytes
(epstopdf)             Output file: <plots/plot_98-eps-converted-to.pdf>
(epstopdf)             Command: <miktex-epstopdf --outfile=plots/plot_98-eps-co
nverted-to.pdf plots/plot_98.eps>
(epstopdf)             \includegraphics on input line 423.
runsystem(miktex-epstopdf --outfile=plots/plot_98-eps-converted-to.pdf plots/pl
ot_98.eps)...executed safely (allowed).

Package epstopdf Info: Result file: <plots/plot_98-eps-converted-to.pdf>
(epstopdf)                    date: 2025-04-15 17:49:48
(epstopdf)                    size: 11417 bytes.


pdfTeX warning: pdflatex (file ./plots/plot_98-eps-converted-to.pdf): PDF inclu
sion: found PDF version <1.7>, but at most version <1.5> allowed
<plots/plot_98-eps-converted-to.pdf, id=489, 505.89pt x 505.89pt>
File: plots/plot_98-eps-converted-to.pdf Graphic file (type pdf)
<use plots/plot_98-eps-converted-to.pdf>
Package pdftex.def Info: plots/plot_98-eps-converted-to.pdf  used on input line
 423.
(pdftex.def)             Requested size: 278.24034pt x 278.24034pt.
Package epstopdf Info: Source file: <plots/plot_99.eps>
(epstopdf)                    date: 2025-04-15 17:48:54
(epstopdf)                    size: 6392 bytes
(epstopdf)             Output file: <plots/plot_99-eps-converted-to.pdf>
(epstopdf)             Command: <miktex-epstopdf --outfile=plots/plot_99-eps-co
nverted-to.pdf plots/plot_99.eps>
(epstopdf)             \includegraphics on input line 429.
runsystem(miktex-epstopdf --outfile=plots/plot_99-eps-converted-to.pdf plots/pl
ot_99.eps)...executed safely (allowed).

Package epstopdf Info: Result file: <plots/plot_99-eps-converted-to.pdf>
(epstopdf)                    date: 2025-04-15 17:49:49
(epstopdf)                    size: 11626 bytes.


pdfTeX warning: pdflatex (file ./plots/plot_99-eps-converted-to.pdf): PDF inclu
sion: found PDF version <1.7>, but at most version <1.5> allowed
<plots/plot_99-eps-converted-to.pdf, id=490, 505.89pt x 505.89pt>
File: plots/plot_99-eps-converted-to.pdf Graphic file (type pdf)
<use plots/plot_99-eps-converted-to.pdf>
Package pdftex.def Info: plots/plot_99-eps-converted-to.pdf  used on input line
 429.
(pdftex.def)             Requested size: 278.24034pt x 278.24034pt.

Overfull \hbox (2.22221pt too wide) in paragraph at lines 420--432
[]$[]$ $[]$ 
 []

[19 <./plots/plot_96-eps-converted-to.pdf> <./plots/plot_97-eps-converted-to.pd
f> <./plots/plot_98-eps-converted-to.pdf> <./plots/plot_99-eps-converted-to.pdf
>]
Package epstopdf Info: Source file: <plots/plot_100.eps>
(epstopdf)                    date: 2025-04-15 17:48:54
(epstopdf)                    size: 6354 bytes
(epstopdf)             Output file: <plots/plot_100-eps-converted-to.pdf>
(epstopdf)             Command: <miktex-epstopdf --outfile=plots/plot_100-eps-c
onverted-to.pdf plots/plot_100.eps>
(epstopdf)             \includegraphics on input line 441.
runsystem(miktex-epstopdf --outfile=plots/plot_100-eps-converted-to.pdf plots/p
lot_100.eps)...executed safely (allowed).

Package epstopdf Info: Result file: <plots/plot_100-eps-converted-to.pdf>
(epstopdf)                    date: 2025-04-15 17:49:50
(epstopdf)                    size: 11808 bytes.


pdfTeX warning: pdflatex (file ./plots/plot_100-eps-converted-to.pdf): PDF incl
usion: found PDF version <1.7>, but at most version <1.5> allowed
<plots/plot_100-eps-converted-to.pdf, id=532, 505.89pt x 505.89pt>
File: plots/plot_100-eps-converted-to.pdf Graphic file (type pdf)
<use plots/plot_100-eps-converted-to.pdf>
Package pdftex.def Info: plots/plot_100-eps-converted-to.pdf  used on input lin
e 441.
(pdftex.def)             Requested size: 278.24034pt x 278.24034pt.
[20 <./plots/plot_100-eps-converted-to.pdf>]
Package epstopdf Info: Source file: <plots/plot_101.eps>
(epstopdf)                    date: 2025-04-15 17:49:26
(epstopdf)                    size: 6902 bytes
(epstopdf)             Output file: <plots/plot_101-eps-converted-to.pdf>
(epstopdf)             Command: <miktex-epstopdf --outfile=plots/plot_101-eps-c
onverted-to.pdf plots/plot_101.eps>
(epstopdf)             \includegraphics on input line 454.
runsystem(miktex-epstopdf --outfile=plots/plot_101-eps-converted-to.pdf plots/p
lot_101.eps)...executed safely (allowed).

Package epstopdf Info: Result file: <plots/plot_101-eps-converted-to.pdf>
(epstopdf)                    date: 2025-04-15 17:49:51
(epstopdf)                    size: 12057 bytes.


pdfTeX warning: pdflatex (file ./plots/plot_101-eps-converted-to.pdf): PDF incl
usion: found PDF version <1.7>, but at most version <1.5> allowed
<plots/plot_101-eps-converted-to.pdf, id=546, 505.89pt x 505.89pt>
File: plots/plot_101-eps-converted-to.pdf Graphic file (type pdf)
<use plots/plot_101-eps-converted-to.pdf>
Package pdftex.def Info: plots/plot_101-eps-converted-to.pdf  used on input lin
e 454.
(pdftex.def)             Requested size: 278.24034pt x 278.24034pt.
Package epstopdf Info: Source file: <plots/plot_102.eps>
(epstopdf)                    date: 2025-04-15 17:49:26
(epstopdf)                    size: 7075 bytes
(epstopdf)             Output file: <plots/plot_102-eps-converted-to.pdf>
(epstopdf)             Command: <miktex-epstopdf --outfile=plots/plot_102-eps-c
onverted-to.pdf plots/plot_102.eps>
(epstopdf)             \includegraphics on input line 460.
runsystem(miktex-epstopdf --outfile=plots/plot_102-eps-converted-to.pdf plots/p
lot_102.eps)...executed safely (allowed).

Package epstopdf Info: Result file: <plots/plot_102-eps-converted-to.pdf>
(epstopdf)                    date: 2025-04-15 17:49:52
(epstopdf)                    size: 11837 bytes.


pdfTeX warning: pdflatex (file ./plots/plot_102-eps-converted-to.pdf): PDF incl
usion: found PDF version <1.7>, but at most version <1.5> allowed
<plots/plot_102-eps-converted-to.pdf, id=547, 505.89pt x 505.89pt>
File: plots/plot_102-eps-converted-to.pdf Graphic file (type pdf)
<use plots/plot_102-eps-converted-to.pdf>
Package pdftex.def Info: plots/plot_102-eps-converted-to.pdf  used on input lin
e 460.
(pdftex.def)             Requested size: 278.24034pt x 278.24034pt.

Overfull \hbox (2.22221pt too wide) in paragraph at lines 451--463
[]$[]$ $[]$ 
 []

Package epstopdf Info: Source file: <plots/plot_103.eps>
(epstopdf)                    date: 2025-04-15 17:49:26
(epstopdf)                    size: 7018 bytes
(epstopdf)             Output file: <plots/plot_103-eps-converted-to.pdf>
(epstopdf)             Command: <miktex-epstopdf --outfile=plots/plot_103-eps-c
onverted-to.pdf plots/plot_103.eps>
(epstopdf)             \includegraphics on input line 469.
runsystem(miktex-epstopdf --outfile=plots/plot_103-eps-converted-to.pdf plots/p
lot_103.eps)...executed safely (allowed).

Package epstopdf Info: Result file: <plots/plot_103-eps-converted-to.pdf>
(epstopdf)                    date: 2025-04-15 17:49:53
(epstopdf)                    size: 11757 bytes.


pdfTeX warning: pdflatex (file ./plots/plot_103-eps-converted-to.pdf): PDF incl
usion: found PDF version <1.7>, but at most version <1.5> allowed
<plots/plot_103-eps-converted-to.pdf, id=548, 505.89pt x 505.89pt>
File: plots/plot_103-eps-converted-to.pdf Graphic file (type pdf)
<use plots/plot_103-eps-converted-to.pdf>
Package pdftex.def Info: plots/plot_103-eps-converted-to.pdf  used on input lin
e 469.
(pdftex.def)             Requested size: 278.24034pt x 278.24034pt.
Package epstopdf Info: Source file: <plots/plot_104.eps>
(epstopdf)                    date: 2025-04-15 17:49:26
(epstopdf)                    size: 7128 bytes
(epstopdf)             Output file: <plots/plot_104-eps-converted-to.pdf>
(epstopdf)             Command: <miktex-epstopdf --outfile=plots/plot_104-eps-c
onverted-to.pdf plots/plot_104.eps>
(epstopdf)             \includegraphics on input line 475.
runsystem(miktex-epstopdf --outfile=plots/plot_104-eps-converted-to.pdf plots/p
lot_104.eps)...executed safely (allowed).

Package epstopdf Info: Result file: <plots/plot_104-eps-converted-to.pdf>
(epstopdf)                    date: 2025-04-15 17:49:54
(epstopdf)                    size: 12095 bytes.


pdfTeX warning: pdflatex (file ./plots/plot_104-eps-converted-to.pdf): PDF incl
usion: found PDF version <1.7>, but at most version <1.5> allowed
<plots/plot_104-eps-converted-to.pdf, id=549, 505.89pt x 505.89pt>
File: plots/plot_104-eps-converted-to.pdf Graphic file (type pdf)
<use plots/plot_104-eps-converted-to.pdf>
Package pdftex.def Info: plots/plot_104-eps-converted-to.pdf  used on input lin
e 475.
(pdftex.def)             Requested size: 278.24034pt x 278.24034pt.

Overfull \hbox (2.22221pt too wide) in paragraph at lines 466--478
[]$[]$ $[]$ 
 []

[21 <./plots/plot_101-eps-converted-to.pdf> <./plots/plot_102-eps-converted-to.
pdf> <./plots/plot_103-eps-converted-to.pdf> <./plots/plot_104-eps-converted-to
.pdf>]
Package epstopdf Info: Source file: <plots/plot_105.eps>
(epstopdf)                    date: 2025-04-15 17:49:26
(epstopdf)                    size: 7096 bytes
(epstopdf)             Output file: <plots/plot_105-eps-converted-to.pdf>
(epstopdf)             Command: <miktex-epstopdf --outfile=plots/plot_105-eps-c
onverted-to.pdf plots/plot_105.eps>
(epstopdf)             \includegraphics on input line 487.
runsystem(miktex-epstopdf --outfile=plots/plot_105-eps-converted-to.pdf plots/p
lot_105.eps)...executed safely (allowed).

Package epstopdf Info: Result file: <plots/plot_105-eps-converted-to.pdf>
(epstopdf)                    date: 2025-04-15 17:49:55
(epstopdf)                    size: 12189 bytes.


pdfTeX warning: pdflatex (file ./plots/plot_105-eps-converted-to.pdf): PDF incl
usion: found PDF version <1.7>, but at most version <1.5> allowed
<plots/plot_105-eps-converted-to.pdf, id=591, 505.89pt x 505.89pt>
File: plots/plot_105-eps-converted-to.pdf Graphic file (type pdf)
<use plots/plot_105-eps-converted-to.pdf>
Package pdftex.def Info: plots/plot_105-eps-converted-to.pdf  used on input lin
e 487.
(pdftex.def)             Requested size: 278.24034pt x 278.24034pt.
) [22 <./plots/plot_105-eps-converted-to.pdf>] (baseline_NK.aux)

Package rerunfilecheck Warning: File `baseline_NK.out' has changed.
(rerunfilecheck)                Rerun to get outlines right
(rerunfilecheck)                or use package `bookmark'.

Package rerunfilecheck Info: Checksums for `baseline_NK.out':
(rerunfilecheck)             Before: F08178AE3A94A081F1AE93B17D9BB279;5179
(rerunfilecheck)             After:  24EFA3D99586BC7FB4BDB1C5E3F0B84C;5903.
 ) 
Here is how much of TeX's memory you used:
 10510 strings out of 475385
 170622 string characters out of 2776907
 600885 words of memory out of 3000000
 31524 multiletter control sequences out of 15000+600000
 476684 words of font info for 58 fonts, out of 8000000 for 9000
 1141 hyphenation exceptions out of 8191
 63i,13n,67p,462b,528s stack positions out of 10000i,1000n,20000p,200000b,80000s
<C:/Users/fm007/AppData/Local/Programs/MiKTeX/fonts/type1/public/amsfonts/cm/
cmbx12.pfb><C:/Users/fm007/AppData/Local/Programs/MiKTeX/fonts/type1/public/ams
fonts/cm/cmex10.pfb><C:/Users/fm007/AppData/Local/Programs/MiKTeX/fonts/type1/p
ublic/amsfonts/cm/cmmi10.pfb><C:/Users/fm007/AppData/Local/Programs/MiKTeX/font
s/type1/public/amsfonts/cm/cmmi12.pfb><C:/Users/fm007/AppData/Local/Programs/Mi
KTeX/fonts/type1/public/amsfonts/cm/cmmi5.pfb><C:/Users/fm007/AppData/Local/Pro
grams/MiKTeX/fonts/type1/public/amsfonts/cm/cmmi7.pfb><C:/Users/fm007/AppData/L
ocal/Programs/MiKTeX/fonts/type1/public/amsfonts/cm/cmr10.pfb><C:/Users/fm007/A
ppData/Local/Programs/MiKTeX/fonts/type1/public/amsfonts/cm/cmr12.pfb><C:/Users
/fm007/AppData/Local/Programs/MiKTeX/fonts/type1/public/amsfonts/cm/cmr5.pfb><C
:/Users/fm007/AppData/Local/Programs/MiKTeX/fonts/type1/public/amsfonts/cm/cmr7
.pfb><C:/Users/fm007/AppData/Local/Programs/MiKTeX/fonts/type1/public/amsfonts/
cm/cmsy10.pfb><C:/Users/fm007/AppData/Local/Programs/MiKTeX/fonts/type1/public/
amsfonts/cm/cmsy5.pfb><C:/Users/fm007/AppData/Local/Programs/MiKTeX/fonts/type1
/public/amsfonts/cm/cmsy7.pfb><C:/Users/fm007/AppData/Local/Programs/MiKTeX/fon
ts/type1/public/amsfonts/cm/cmtt12.pfb>
Output written on baseline_NK.pdf (22 pages, 489759 bytes).
PDF statistics:
 704 PDF objects out of 1000 (max. 8388607)
 192 named destinations out of 1000 (max. 500000)
 406 words of extra memory for PDF output out of 10000 (max. 10000000)

